{"uid":"b223d7deb88da21d","name":"test_send_and_delete_message_1_with_attachment[firefox]","fullName":"test_DiscordFrontEnd.TestDiscordMessageActions#test_send_and_delete_message_1_with_attachment","historyId":"d1f5bbcc1577e420b52aeb4982043ddb","time":{"start":1730284733282,"stop":1730284733282,"duration":0},"status":"broken","statusMessage":"TypeError: 'NoneType' object is not iterable","statusTrace":"driver = <selenium.webdriver.firefox.webdriver.WebDriver (session=\"ab88a3ea-4a2a-4731-a2e5-8e4ce86cd3fe\")>\n\n    @pytest.fixture(scope=\"class\", autouse=True)\n    def setup(driver):\n        login_page = LoginPage(driver)\n    \n        with allure.step(\"Открытие страницы логина\"):\n            login_page.open(\"https://discord.com/login\")\n    \n            if not login_page.is_element_visible(LoginPage.EMAIL_INPUT):\n                raise AssertionError(\"Поле для ввода email не найдено.\")\n    \n        with allure.step(\"Вход в систему\"):\n>           login_page.login()\n\nconftest.py:58: \n_ _ _ _ _ _ _ _ _ _ _ _ _ _ _ _ _ _ _ _ _ _ _ _ _ _ _ _ _ _ _ _ _ _ _ _ _ _ _ _ \nlogin_page.py:37: in login\n    self.input_text(LoginPage.EMAIL_INPUT, email)\nbase_page.py:86: in input_text\n    element.send_keys(text)\n/opt/hostedtoolcache/Python/3.10.15/x64/lib/python3.10/site-packages/selenium/webdriver/remote/webelement.py:232: in send_keys\n    Command.SEND_KEYS_TO_ELEMENT, {\"text\": \"\".join(keys_to_typing(value)), \"value\": keys_to_typing(value)}\n_ _ _ _ _ _ _ _ _ _ _ _ _ _ _ _ _ _ _ _ _ _ _ _ _ _ _ _ _ _ _ _ _ _ _ _ _ _ _ _ \n\nvalue = (None,)\n\n    def keys_to_typing(value: Iterable[AnyKey]) -> List[str]:\n        \"\"\"Processes the values that will be typed in the element.\"\"\"\n        characters: List[str] = []\n        for val in value:\n            if isinstance(val, Keys):\n                # Todo: Does this even work?\n                characters.append(val)\n            elif isinstance(val, (int, float)):\n                characters.extend(str(val))\n            else:\n>               characters.extend(val)\nE               TypeError: 'NoneType' object is not iterable\n\n/opt/hostedtoolcache/Python/3.10.15/x64/lib/python3.10/site-packages/selenium/webdriver/common/utils.py:137: TypeError","flaky":false,"newFailed":false,"newBroken":false,"newPassed":false,"retriesCount":0,"retriesStatusChange":false,"beforeStages":[{"name":"driver","time":{"start":1730284733350,"stop":1730284746382,"duration":13032},"status":"passed","steps":[],"attachments":[],"parameters":[],"shouldDisplayMessage":false,"stepsCount":0,"attachmentsCount":0,"hasContent":false},{"name":"setup","time":{"start":1730284746382,"stop":1730284750490,"duration":4108},"status":"broken","statusMessage":"TypeError: 'NoneType' object is not iterable\n","statusTrace":"  File \"/opt/hostedtoolcache/Python/3.10.15/x64/lib/python3.10/site-packages/pluggy/_callers.py\", line 167, in _multicall\n    teardown.throw(outcome._exception)\n  File \"/opt/hostedtoolcache/Python/3.10.15/x64/lib/python3.10/site-packages/_pytest/setuponly.py\", line 36, in pytest_fixture_setup\n    return (yield)\n  File \"/opt/hostedtoolcache/Python/3.10.15/x64/lib/python3.10/site-packages/pluggy/_callers.py\", line 103, in _multicall\n    res = hook_impl.function(*args)\n  File \"/opt/hostedtoolcache/Python/3.10.15/x64/lib/python3.10/site-packages/_pytest/fixtures.py\", line 1140, in pytest_fixture_setup\n    result = call_fixture_func(fixturefunc, request, kwargs)\n  File \"/opt/hostedtoolcache/Python/3.10.15/x64/lib/python3.10/site-packages/_pytest/fixtures.py\", line 898, in call_fixture_func\n    fixture_result = fixturefunc(**kwargs)\n  File \"/home/runner/work/DiscordFrontEndSelenium2/DiscordFrontEndSelenium2/conftest.py\", line 58, in setup\n    login_page.login()\n  File \"/opt/hostedtoolcache/Python/3.10.15/x64/lib/python3.10/site-packages/allure_commons/_allure.py\", line 192, in impl\n    return func(*a, **kw)\n  File \"/home/runner/work/DiscordFrontEndSelenium2/DiscordFrontEndSelenium2/login_page.py\", line 37, in login\n    self.input_text(LoginPage.EMAIL_INPUT, email)\n  File \"/home/runner/work/DiscordFrontEndSelenium2/DiscordFrontEndSelenium2/base_page.py\", line 86, in input_text\n    element.send_keys(text)\n  File \"/opt/hostedtoolcache/Python/3.10.15/x64/lib/python3.10/site-packages/selenium/webdriver/remote/webelement.py\", line 232, in send_keys\n    Command.SEND_KEYS_TO_ELEMENT, {\"text\": \"\".join(keys_to_typing(value)), \"value\": keys_to_typing(value)}\n  File \"/opt/hostedtoolcache/Python/3.10.15/x64/lib/python3.10/site-packages/selenium/webdriver/common/utils.py\", line 137, in keys_to_typing\n    characters.extend(val)\n","steps":[{"name":"Открытие страницы логина","time":{"start":1730284746383,"stop":1730284749093,"duration":2710},"status":"passed","steps":[],"attachments":[],"parameters":[],"shouldDisplayMessage":false,"stepsCount":0,"attachmentsCount":0,"hasContent":false},{"name":"Вход в систему","time":{"start":1730284749093,"stop":1730284750490,"duration":1397},"status":"broken","statusMessage":"TypeError: 'NoneType' object is not iterable\n","statusTrace":"  File \"/home/runner/work/DiscordFrontEndSelenium2/DiscordFrontEndSelenium2/conftest.py\", line 58, in setup\n    login_page.login()\n  File \"/opt/hostedtoolcache/Python/3.10.15/x64/lib/python3.10/site-packages/allure_commons/_allure.py\", line 192, in impl\n    return func(*a, **kw)\n  File \"/home/runner/work/DiscordFrontEndSelenium2/DiscordFrontEndSelenium2/login_page.py\", line 37, in login\n    self.input_text(LoginPage.EMAIL_INPUT, email)\n  File \"/home/runner/work/DiscordFrontEndSelenium2/DiscordFrontEndSelenium2/base_page.py\", line 86, in input_text\n    element.send_keys(text)\n  File \"/opt/hostedtoolcache/Python/3.10.15/x64/lib/python3.10/site-packages/selenium/webdriver/remote/webelement.py\", line 232, in send_keys\n    Command.SEND_KEYS_TO_ELEMENT, {\"text\": \"\".join(keys_to_typing(value)), \"value\": keys_to_typing(value)}\n  File \"/opt/hostedtoolcache/Python/3.10.15/x64/lib/python3.10/site-packages/selenium/webdriver/common/utils.py\", line 137, in keys_to_typing\n    characters.extend(val)\n","steps":[{"name":"Вход в систему с зарегистрированными данными (аутентификация)","time":{"start":1730284749093,"stop":1730284750490,"duration":1397},"status":"broken","statusMessage":"TypeError: 'NoneType' object is not iterable\n","statusTrace":"  File \"/opt/hostedtoolcache/Python/3.10.15/x64/lib/python3.10/site-packages/allure_commons/_allure.py\", line 192, in impl\n    return func(*a, **kw)\n  File \"/home/runner/work/DiscordFrontEndSelenium2/DiscordFrontEndSelenium2/login_page.py\", line 37, in login\n    self.input_text(LoginPage.EMAIL_INPUT, email)\n  File \"/home/runner/work/DiscordFrontEndSelenium2/DiscordFrontEndSelenium2/base_page.py\", line 86, in input_text\n    element.send_keys(text)\n  File \"/opt/hostedtoolcache/Python/3.10.15/x64/lib/python3.10/site-packages/selenium/webdriver/remote/webelement.py\", line 232, in send_keys\n    Command.SEND_KEYS_TO_ELEMENT, {\"text\": \"\".join(keys_to_typing(value)), \"value\": keys_to_typing(value)}\n  File \"/opt/hostedtoolcache/Python/3.10.15/x64/lib/python3.10/site-packages/selenium/webdriver/common/utils.py\", line 137, in keys_to_typing\n    characters.extend(val)\n","steps":[{"name":"Ввод email","time":{"start":1730284749093,"stop":1730284750490,"duration":1397},"status":"broken","statusMessage":"TypeError: 'NoneType' object is not iterable\n","statusTrace":"  File \"/home/runner/work/DiscordFrontEndSelenium2/DiscordFrontEndSelenium2/login_page.py\", line 37, in login\n    self.input_text(LoginPage.EMAIL_INPUT, email)\n  File \"/home/runner/work/DiscordFrontEndSelenium2/DiscordFrontEndSelenium2/base_page.py\", line 86, in input_text\n    element.send_keys(text)\n  File \"/opt/hostedtoolcache/Python/3.10.15/x64/lib/python3.10/site-packages/selenium/webdriver/remote/webelement.py\", line 232, in send_keys\n    Command.SEND_KEYS_TO_ELEMENT, {\"text\": \"\".join(keys_to_typing(value)), \"value\": keys_to_typing(value)}\n  File \"/opt/hostedtoolcache/Python/3.10.15/x64/lib/python3.10/site-packages/selenium/webdriver/common/utils.py\", line 137, in keys_to_typing\n    characters.extend(val)\n","steps":[],"attachments":[],"parameters":[],"shouldDisplayMessage":true,"stepsCount":0,"attachmentsCount":0,"hasContent":true}],"attachments":[],"parameters":[],"shouldDisplayMessage":false,"stepsCount":1,"attachmentsCount":0,"hasContent":true}],"attachments":[],"parameters":[],"shouldDisplayMessage":false,"stepsCount":2,"attachmentsCount":0,"hasContent":true}],"attachments":[],"parameters":[],"shouldDisplayMessage":false,"stepsCount":4,"attachmentsCount":0,"hasContent":true}],"testStage":{"status":"broken","statusMessage":"TypeError: 'NoneType' object is not iterable","statusTrace":"driver = <selenium.webdriver.firefox.webdriver.WebDriver (session=\"ab88a3ea-4a2a-4731-a2e5-8e4ce86cd3fe\")>\n\n    @pytest.fixture(scope=\"class\", autouse=True)\n    def setup(driver):\n        login_page = LoginPage(driver)\n    \n        with allure.step(\"Открытие страницы логина\"):\n            login_page.open(\"https://discord.com/login\")\n    \n            if not login_page.is_element_visible(LoginPage.EMAIL_INPUT):\n                raise AssertionError(\"Поле для ввода email не найдено.\")\n    \n        with allure.step(\"Вход в систему\"):\n>           login_page.login()\n\nconftest.py:58: \n_ _ _ _ _ _ _ _ _ _ _ _ _ _ _ _ _ _ _ _ _ _ _ _ _ _ _ _ _ _ _ _ _ _ _ _ _ _ _ _ \nlogin_page.py:37: in login\n    self.input_text(LoginPage.EMAIL_INPUT, email)\nbase_page.py:86: in input_text\n    element.send_keys(text)\n/opt/hostedtoolcache/Python/3.10.15/x64/lib/python3.10/site-packages/selenium/webdriver/remote/webelement.py:232: in send_keys\n    Command.SEND_KEYS_TO_ELEMENT, {\"text\": \"\".join(keys_to_typing(value)), \"value\": keys_to_typing(value)}\n_ _ _ _ _ _ _ _ _ _ _ _ _ _ _ _ _ _ _ _ _ _ _ _ _ _ _ _ _ _ _ _ _ _ _ _ _ _ _ _ \n\nvalue = (None,)\n\n    def keys_to_typing(value: Iterable[AnyKey]) -> List[str]:\n        \"\"\"Processes the values that will be typed in the element.\"\"\"\n        characters: List[str] = []\n        for val in value:\n            if isinstance(val, Keys):\n                # Todo: Does this even work?\n                characters.append(val)\n            elif isinstance(val, (int, float)):\n                characters.extend(str(val))\n            else:\n>               characters.extend(val)\nE               TypeError: 'NoneType' object is not iterable\n\n/opt/hostedtoolcache/Python/3.10.15/x64/lib/python3.10/site-packages/selenium/webdriver/common/utils.py:137: TypeError","steps":[],"attachments":[{"uid":"6353299d5c05207f","name":"stdout","source":"6353299d5c05207f.txt","type":"text/plain","size":718}],"parameters":[],"shouldDisplayMessage":true,"stepsCount":0,"attachmentsCount":1,"hasContent":true},"afterStages":[{"name":"driver::0","time":{"start":1730284750522,"stop":1730284751246,"duration":724},"status":"passed","steps":[],"attachments":[],"parameters":[],"shouldDisplayMessage":false,"stepsCount":0,"attachmentsCount":0,"hasContent":false}],"labels":[{"name":"tag","value":"order(1)"},{"name":"tag","value":"@pytest.mark.usefixtures('setup')"},{"name":"suite","value":"test_DiscordFrontEnd"},{"name":"subSuite","value":"TestDiscordMessageActions"},{"name":"host","value":"fv-az735-602"},{"name":"thread","value":"2094-MainThread"},{"name":"framework","value":"pytest"},{"name":"language","value":"cpython3"},{"name":"package","value":"test_DiscordFrontEnd"},{"name":"resultFormat","value":"allure2"}],"parameters":[{"name":"driver","value":"'firefox'"}],"links":[],"hidden":false,"retry":false,"extra":{"severity":"normal","retries":[],"categories":[{"name":"Test defects","matchedStatuses":[],"flaky":false}],"tags":["order(1)","@pytest.mark.usefixtures('setup')"]},"source":"b223d7deb88da21d.json","parameterValues":["'firefox'"]}